<?xml version="1.0" encoding="UTF-8"?>
<!-- Generated by org.testng.reporters.JUnitReportReporter -->
<testsuite hostname="LAPTOP-F149G61N" failures="0" tests="1" name="com.inetBanking.testCases.TC_LoginTest_001" time="5.269" errors="0" timestamp="2022-09-17T18:14:09 EDT" skipped="0">
  <testcase classname="com.inetBanking.testCases.TC_LoginTest_001" name="loginTest" time="5.269"/>
  <system-out/>
</testsuite> <!-- com.inetBanking.testCases.TC_LoginTest_001 -->
