<?xml version="1.0" encoding="UTF-8"?>
<!-- Generated by org.testng.reporters.JUnitReportReporter -->
<testsuite hostname="LAPTOP-F149G61N" failures="0" tests="1" name="com.inetBanking.testCases.TC_AddCustomerTest_003" time="10.976" errors="0" timestamp="2022-09-18T14:11:19 EDT" skipped="0">
  <testcase classname="com.inetBanking.testCases.TC_AddCustomerTest_003" name="addNewCustomer" time="10.976"/>
  <system-out/>
</testsuite> <!-- com.inetBanking.testCases.TC_AddCustomerTest_003 -->
